<?xml version="1.0" encoding="UTF-8"?>
<!-- Generated by org.testng.reporters.JUnitXMLReporter -->
<testsuite ignored="0" hostname="BINTERNS-QA50L" failures="0" tests="21" name="Surefire test" time="191.908" errors="0" timestamp="2023-05-15T18:29:39 IST">
  <testcase classname="Zomato.ZomatoTest2" name="searchlocationfunctionality1" time="4.36"/>
  <testcase classname="Zomato.ZomatoTest2" name="signupfunctionality" time="19.928"/>
  <testcase classname="Zomato.ZomatoTest2" name="signupfunctionality2" time="11.146"/>
  <testcase classname="Zomato.ZomatoTest2" name="signupfunctionality3" time="8.08"/>
  <testcase classname="Zomato.ZomatoTest2" name="signupfunctionality4" time="9.223"/>
  <testcase classname="Zomato.ZomatoTest2" name="signupfunctionality5" time="9.656"/>
  <testcase classname="Zomato.ZomatoTest2" name="signupfunctionality6" time="4.796"/>
  <testcase classname="Zomato.ZomatoTest2" name="loginfunctionality1" time="21.824"/>
  <testcase classname="Zomato.ZomatoTest2" name="loginfunctionality2" time="17.848"/>
  <testcase classname="Zomato.ZomatoTest2" name="loginfunctionality3" time="15.559"/>
  <testcase classname="Zomato.ZomatoTest2" name="loginfunctionality4" time="6.84"/>
  <testcase classname="Zomato.ZomatoTest2" name="loginfunctionality5" time="15.205"/>
  <testcase classname="Zomato.ZomatoTest2" name="loginfunctionality6" time="10.647"/>
  <testcase classname="Zomato.ZomatoTest2" name="signupui1" time="7.065"/>
  <testcase classname="Zomato.ZomatoTest2" name="signupui2" time="3.044"/>
  <testcase classname="Zomato.ZomatoTest2" name="signupui3" time="3.063"/>
  <testcase classname="Zomato.ZomatoTest2" name="signupui4" time="3.044"/>
  <testcase classname="Zomato.ZomatoTest2" name="signupui5" time="3.064"/>
  <testcase classname="Zomato.ZomatoTest2" name="signupui6" time="3.056"/>
  <testcase classname="Zomato.ZomatoTest2" name="signupui7" time="3.062"/>
  <testcase classname="Zomato.ZomatoTest2" name="signupui8" time="3.053"/>
</testsuite> <!-- Surefire test -->
