<?xml version="1.0" encoding="UTF-8"?>
<!-- Generated by org.testng.reporters.JUnitXMLReporter -->
<testsuite ignored="0" hostname="BINTERNS-QA50L" failures="0" tests="21" name="Surefire test" time="184.344" errors="0" timestamp="2023-05-11T17:37:35 IST">
  <testcase classname="Zomato.ZomatoTest2" name="searchlocationfunctionality1" time="4.263"/>
  <testcase classname="Zomato.ZomatoTest2" name="signupfunctionality" time="23.343"/>
  <testcase classname="Zomato.ZomatoTest2" name="signupfunctionality2" time="11.129"/>
  <testcase classname="Zomato.ZomatoTest2" name="signupfunctionality3" time="7.896"/>
  <testcase classname="Zomato.ZomatoTest2" name="signupfunctionality4" time="8.721"/>
  <testcase classname="Zomato.ZomatoTest2" name="signupfunctionality5" time="8.069"/>
  <testcase classname="Zomato.ZomatoTest2" name="signupfunctionality6" time="4.814"/>
  <testcase classname="Zomato.ZomatoTest2" name="loginfunctionality1" time="21.124"/>
  <testcase classname="Zomato.ZomatoTest2" name="loginfunctionality2" time="20.361"/>
  <testcase classname="Zomato.ZomatoTest2" name="loginfunctionality3" time="10.451"/>
  <testcase classname="Zomato.ZomatoTest2" name="loginfunctionality4" time="5.428"/>
  <testcase classname="Zomato.ZomatoTest2" name="loginfunctionality5" time="10.764"/>
  <testcase classname="Zomato.ZomatoTest2" name="loginfunctionality6" time="16.503"/>
  <testcase classname="Zomato.ZomatoTest2" name="signupui1" time="3.294"/>
  <testcase classname="Zomato.ZomatoTest2" name="signupui2" time="3.061"/>
  <testcase classname="Zomato.ZomatoTest2" name="signupui3" time="3.073"/>
  <testcase classname="Zomato.ZomatoTest2" name="signupui4" time="3.047"/>
  <testcase classname="Zomato.ZomatoTest2" name="signupui5" time="3.067"/>
  <testcase classname="Zomato.ZomatoTest2" name="signupui6" time="3.053"/>
  <testcase classname="Zomato.ZomatoTest2" name="signupui7" time="3.065"/>
  <testcase classname="Zomato.ZomatoTest2" name="signupui8" time="3.054"/>
</testsuite> <!-- Surefire test -->
