<?xml version="1.0" encoding="UTF-8"?>
<!-- Generated by org.testng.reporters.JUnitXMLReporter -->
<testsuite ignored="0" hostname="BINTERNS-QA50L" failures="0" tests="26" name="Test" time="35.123" errors="0" timestamp="2023-05-08T15:49:52 IST">
  <testcase classname="Zomato.ZomatoTest1" name="searchlocationfunctionality1" time="4.211"/>
  <testcase classname="Zomato.ZomatoTest1" name="searchlocationfunctionality2" time="11.104"/>
  <testcase classname="Zomato.ZomatoTest1" name="loginiconvisibility" time="0.035"/>
  <testcase classname="Zomato.ZomatoTest1" name="loginiconclickability" time="0.015"/>
  <testcase classname="Zomato.ZomatoTest1" name="signupiconvisibility" time="0.024"/>
  <testcase classname="Zomato.ZomatoTest1" name="signupiconclickability" time="0.016"/>
  <testcase classname="Zomato.ZomatoTest1" name="logovisibility" time="0.027"/>
  <testcase classname="Zomato.ZomatoTest1" name="logoclickability" time="0.02"/>
  <testcase classname="Zomato.ZomatoTest1" name="deliveryiconvisibility" time="0.029"/>
  <testcase classname="Zomato.ZomatoTest1" name="deliveryiconclickability" time="0.019"/>
  <testcase classname="Zomato.ZomatoTest1" name="diningouticonvisibility" time="0.027"/>
  <testcase classname="Zomato.ZomatoTest1" name="diningouticonclickability" time="0.021"/>
  <testcase classname="Zomato.ZomatoTest1" name="nightlifeiconvisibility" time="0.028"/>
  <testcase classname="Zomato.ZomatoTest1" name="nightlifeiconclickability" time="0.019"/>
  <testcase classname="Zomato.ZomatoTest1" name="filtericonvisibility" time="0.027"/>
  <testcase classname="Zomato.ZomatoTest1" name="filtericonclickability" time="0.019"/>
  <testcase classname="Zomato.ZomatoTest1" name="ratingiconvisibility" time="0.022"/>
  <testcase classname="Zomato.ZomatoTest1" name="ratingiconclickability" time="0.017"/>
  <testcase classname="Zomato.ZomatoTest1" name="purevegiconvisibility" time="0.023"/>
  <testcase classname="Zomato.ZomatoTest1" name="purevegiconclickability" time="0.017"/>
  <testcase classname="Zomato.ZomatoTest1" name="cuisineiconvisibility" time="0.027"/>
  <testcase classname="Zomato.ZomatoTest1" name="cuisineiconclickability" time="0.018"/>
  <testcase classname="Zomato.ZomatoTest1" name="morefiltersiconvisibility" time="0.022"/>
  <testcase classname="Zomato.ZomatoTest1" name="morefiltersiconclickability" time="0.015"/>
  <testcase classname="Zomato.ZomatoTest2" name="searchlocationfunctionality1" time="4.168"/>
  <testcase classname="Zomato.ZomatoTest2" name="signupfunctionality" time="4.136"/>
</testsuite> <!-- Test -->
