<?xml version="1.0" encoding="UTF-8"?>
<testng-results ignored="0" total="21" passed="21" failed="0" skipped="0">
  <reporter-output>
  </reporter-output>
  <suite started-at="2023-05-15T18:26:27 IST" name="Surefire suite" finished-at="2023-05-15T18:29:39 IST" duration-ms="191908">
    <groups>
    </groups>
    <test started-at="2023-05-15T18:26:27 IST" name="Surefire test" finished-at="2023-05-15T18:29:39 IST" duration-ms="191908">
      <class name="Zomato.ZomatoTest2">
        <test-method is-config="true" signature="Launch()[pri:0, instance:Zomato.ZomatoTest2@57d7f8ca]" started-at="2023-05-15T18:26:27 IST" name="Launch" finished-at="2023-05-15T18:26:34 IST" duration-ms="7764" status="PASS">
          <reporter-output>
          </reporter-output>
        </test-method> <!-- Launch -->
        <test-method signature="searchlocationfunctionality1()[pri:1, instance:Zomato.ZomatoTest2@57d7f8ca]" started-at="2023-05-15T18:26:34 IST" name="searchlocationfunctionality1" finished-at="2023-05-15T18:26:39 IST" duration-ms="4360" status="PASS">
          <reporter-output>
          </reporter-output>
        </test-method> <!-- searchlocationfunctionality1 -->
        <test-method signature="signupfunctionality()[pri:2, instance:Zomato.ZomatoTest2@57d7f8ca]" started-at="2023-05-15T18:26:39 IST" name="signupfunctionality" finished-at="2023-05-15T18:26:59 IST" duration-ms="19928" status="PASS">
          <reporter-output>
          </reporter-output>
        </test-method> <!-- signupfunctionality -->
        <test-method signature="signupfunctionality2()[pri:3, instance:Zomato.ZomatoTest2@57d7f8ca]" started-at="2023-05-15T18:26:59 IST" name="signupfunctionality2" finished-at="2023-05-15T18:27:10 IST" duration-ms="11146" status="PASS">
          <reporter-output>
          </reporter-output>
        </test-method> <!-- signupfunctionality2 -->
        <test-method signature="signupfunctionality3()[pri:4, instance:Zomato.ZomatoTest2@57d7f8ca]" started-at="2023-05-15T18:27:10 IST" name="signupfunctionality3" finished-at="2023-05-15T18:27:18 IST" duration-ms="8080" status="PASS">
          <reporter-output>
          </reporter-output>
        </test-method> <!-- signupfunctionality3 -->
        <test-method signature="signupfunctionality4()[pri:5, instance:Zomato.ZomatoTest2@57d7f8ca]" started-at="2023-05-15T18:27:18 IST" name="signupfunctionality4" finished-at="2023-05-15T18:27:27 IST" duration-ms="9223" status="PASS">
          <reporter-output>
          </reporter-output>
        </test-method> <!-- signupfunctionality4 -->
        <test-method signature="signupfunctionality5()[pri:6, instance:Zomato.ZomatoTest2@57d7f8ca]" started-at="2023-05-15T18:27:27 IST" name="signupfunctionality5" finished-at="2023-05-15T18:27:37 IST" duration-ms="9656" status="PASS">
          <reporter-output>
          </reporter-output>
        </test-method> <!-- signupfunctionality5 -->
        <test-method signature="signupfunctionality6()[pri:7, instance:Zomato.ZomatoTest2@57d7f8ca]" started-at="2023-05-15T18:27:37 IST" name="signupfunctionality6" finished-at="2023-05-15T18:27:42 IST" duration-ms="4796" status="PASS">
          <reporter-output>
          </reporter-output>
        </test-method> <!-- signupfunctionality6 -->
        <test-method signature="loginfunctionality1()[pri:8, instance:Zomato.ZomatoTest2@57d7f8ca]" started-at="2023-05-15T18:27:42 IST" name="loginfunctionality1" finished-at="2023-05-15T18:28:03 IST" duration-ms="21824" status="PASS">
          <reporter-output>
          </reporter-output>
        </test-method> <!-- loginfunctionality1 -->
        <test-method signature="loginfunctionality2()[pri:9, instance:Zomato.ZomatoTest2@57d7f8ca]" started-at="2023-05-15T18:28:03 IST" name="loginfunctionality2" finished-at="2023-05-15T18:28:21 IST" duration-ms="17848" status="PASS">
          <reporter-output>
          </reporter-output>
        </test-method> <!-- loginfunctionality2 -->
        <test-method signature="loginfunctionality3()[pri:10, instance:Zomato.ZomatoTest2@57d7f8ca]" started-at="2023-05-15T18:28:21 IST" name="loginfunctionality3" finished-at="2023-05-15T18:28:37 IST" duration-ms="15559" status="PASS">
          <reporter-output>
          </reporter-output>
        </test-method> <!-- loginfunctionality3 -->
        <test-method signature="loginfunctionality4()[pri:11, instance:Zomato.ZomatoTest2@57d7f8ca]" started-at="2023-05-15T18:28:37 IST" name="loginfunctionality4" finished-at="2023-05-15T18:28:44 IST" duration-ms="6840" status="PASS">
          <reporter-output>
          </reporter-output>
        </test-method> <!-- loginfunctionality4 -->
        <test-method signature="loginfunctionality5()[pri:12, instance:Zomato.ZomatoTest2@57d7f8ca]" started-at="2023-05-15T18:28:44 IST" name="loginfunctionality5" finished-at="2023-05-15T18:28:59 IST" duration-ms="15205" status="PASS">
          <reporter-output>
          </reporter-output>
        </test-method> <!-- loginfunctionality5 -->
        <test-method signature="loginfunctionality6()[pri:12, instance:Zomato.ZomatoTest2@57d7f8ca]" started-at="2023-05-15T18:28:59 IST" name="loginfunctionality6" finished-at="2023-05-15T18:29:10 IST" duration-ms="10647" status="PASS">
          <reporter-output>
          </reporter-output>
        </test-method> <!-- loginfunctionality6 -->
        <test-method signature="signupui1()[pri:13, instance:Zomato.ZomatoTest2@57d7f8ca]" started-at="2023-05-15T18:29:10 IST" name="signupui1" finished-at="2023-05-15T18:29:17 IST" duration-ms="7065" status="PASS">
          <reporter-output>
          </reporter-output>
        </test-method> <!-- signupui1 -->
        <test-method signature="signupui2()[pri:14, instance:Zomato.ZomatoTest2@57d7f8ca]" started-at="2023-05-15T18:29:17 IST" name="signupui2" finished-at="2023-05-15T18:29:20 IST" duration-ms="3044" status="PASS">
          <reporter-output>
          </reporter-output>
        </test-method> <!-- signupui2 -->
        <test-method signature="signupui3()[pri:15, instance:Zomato.ZomatoTest2@57d7f8ca]" started-at="2023-05-15T18:29:20 IST" name="signupui3" finished-at="2023-05-15T18:29:23 IST" duration-ms="3063" status="PASS">
          <reporter-output>
          </reporter-output>
        </test-method> <!-- signupui3 -->
        <test-method signature="signupui4()[pri:16, instance:Zomato.ZomatoTest2@57d7f8ca]" started-at="2023-05-15T18:29:23 IST" name="signupui4" finished-at="2023-05-15T18:29:26 IST" duration-ms="3044" status="PASS">
          <reporter-output>
          </reporter-output>
        </test-method> <!-- signupui4 -->
        <test-method signature="signupui5()[pri:17, instance:Zomato.ZomatoTest2@57d7f8ca]" started-at="2023-05-15T18:29:26 IST" name="signupui5" finished-at="2023-05-15T18:29:29 IST" duration-ms="3064" status="PASS">
          <reporter-output>
          </reporter-output>
        </test-method> <!-- signupui5 -->
        <test-method signature="signupui6()[pri:18, instance:Zomato.ZomatoTest2@57d7f8ca]" started-at="2023-05-15T18:29:29 IST" name="signupui6" finished-at="2023-05-15T18:29:32 IST" duration-ms="3056" status="PASS">
          <reporter-output>
          </reporter-output>
        </test-method> <!-- signupui6 -->
        <test-method signature="signupui7()[pri:19, instance:Zomato.ZomatoTest2@57d7f8ca]" started-at="2023-05-15T18:29:32 IST" name="signupui7" finished-at="2023-05-15T18:29:35 IST" duration-ms="3062" status="PASS">
          <reporter-output>
          </reporter-output>
        </test-method> <!-- signupui7 -->
        <test-method signature="signupui8()[pri:20, instance:Zomato.ZomatoTest2@57d7f8ca]" started-at="2023-05-15T18:29:35 IST" name="signupui8" finished-at="2023-05-15T18:29:38 IST" duration-ms="3053" status="PASS">
          <reporter-output>
          </reporter-output>
        </test-method> <!-- signupui8 -->
        <test-method is-config="true" signature="stop()[pri:0, instance:Zomato.ZomatoTest2@57d7f8ca]" started-at="2023-05-15T18:29:38 IST" name="stop" finished-at="2023-05-15T18:29:39 IST" duration-ms="518" status="PASS">
          <reporter-output>
          </reporter-output>
        </test-method> <!-- stop -->
      </class> <!-- Zomato.ZomatoTest2 -->
    </test> <!-- Surefire test -->
  </suite> <!-- Surefire suite -->
</testng-results>
